<?xml version="1.0" encoding="UTF-8"?>
<testng-results ignored="0" total="1" passed="1" failed="0" skipped="0">
  <reporter-output>
  </reporter-output>
  <suite started-at="2023-11-20T23:07:06 IST" name="Default suite" finished-at="2023-11-20T23:07:06 IST" duration-ms="104">
    <groups>
    </groups>
    <test started-at="2023-11-20T23:07:06 IST" name="Default test" finished-at="2023-11-20T23:07:06 IST" duration-ms="104">
      <class name="com.app.Tdd.Assignment.TestUser">
        <test-method signature="UserTest()[pri:0, instance:com.app.Tdd.Assignment.TestUser@481a996b]" started-at="2023-11-20T23:07:06 IST" name="UserTest" finished-at="2023-11-20T23:07:06 IST" duration-ms="18" status="PASS">
          <reporter-output>
          </reporter-output>
        </test-method> <!-- UserTest -->
      </class> <!-- com.app.Tdd.Assignment.TestUser -->
    </test> <!-- Default test -->
  </suite> <!-- Default suite -->
</testng-results>
